Flutter crash report.
Please report a bug at https://github.com/flutter/flutter/issues.

## command

flutter pub add uuidc:\Users\AISHWARYA\Desktop\flutter_project\expense_tracker\lib\models\expense.dart

## exception

FileSystemException: FileSystemException: Exists failed, path = 'C:\Users\AISHWARYA\Desktop\flutter_project\uuidc:\Users\AISHWARYA\Desktop\flutter_project\expense_tracker\lib\models\expense.dart' (OS Error: The filename, directory name, or volume label syntax is incorrect.
, errno = 123)

```
#0      _Directory.existsSync (dart:io/directory_impl.dart:92:7)
#1      ForwardingFileSystemEntity.existsSync (package:file/src/forwarding/forwarding_file_system_entity.dart:43:33)
#2      ErrorHandlingDirectory.existsSync.<anonymous closure> (package:flutter_tools/src/base/error_handling_io.dart:492:22)
#3      _runSync (package:flutter_tools/src/base/error_handling_io.dart:590:14)
#4      ErrorHandlingDirectory.existsSync (package:flutter_tools/src/base/error_handling_io.dart:491:12)
#5      findProjectRoot (package:flutter_tools/src/base/os.dart:598:27)
#6      PackagesGetCommand.runCommand (package:flutter_tools/src/commands/packages.dart:252:18)
#7      FlutterCommand.verifyThenRunCommand (package:flutter_tools/src/runner/flutter_command.dart:1568:12)
<asynchronous suspension>
#8      FlutterCommand.run.<anonymous closure> (package:flutter_tools/src/runner/flutter_command.dart:1336:27)
<asynchronous suspension>
#9      AppContext.run.<anonymous closure> (package:flutter_tools/src/base/context.dart:150:19)
<asynchronous suspension>
#10     CommandRunner.runCommand (package:args/command_runner.dart:212:13)
<asynchronous suspension>
#11     FlutterCommandRunner.runCommand.<anonymous closure> (package:flutter_tools/src/runner/flutter_command_runner.dart:296:9)
<asynchronous suspension>
#12     AppContext.run.<anonymous closure> (package:flutter_tools/src/base/context.dart:150:19)
<asynchronous suspension>
#13     FlutterCommandRunner.runCommand (package:flutter_tools/src/runner/flutter_command_runner.dart:244:5)
<asynchronous suspension>
#14     run.<anonymous closure>.<anonymous closure> (package:flutter_tools/runner.dart:91:9)
<asynchronous suspension>
#15     AppContext.run.<anonymous closure> (package:flutter_tools/src/base/context.dart:150:19)
<asynchronous suspension>
#16     main (package:flutter_tools/executable.dart:91:3)
<asynchronous suspension>
```

## flutter doctor

```
[32m[✓][39m Flutter (Channel stable, 3.10.4, on Microsoft Windows [Version 10.0.22621.1848], locale en-IN)
    [32m•[39m Flutter version 3.10.4 on channel stable at C:\src\flutter
    [32m•[39m Upstream repository https://github.com/flutter/flutter.git
    [32m•[39m Framework revision 682aa387cf (12 days ago), 2023-06-05 18:04:56 -0500
    [32m•[39m Engine revision 2a3401c9bb
    [32m•[39m Dart version 3.0.3
    [32m•[39m DevTools version 2.23.1

[32m[✓][39m Windows Version (Installed version of Windows is version 10 or higher)

[32m[✓][39m Android toolchain - develop for Android devices (Android SDK version 34.0.0)
    [32m•[39m Android SDK at C:\Users\AISHWARYA\AppData\Local\Android\sdk
    [32m•[39m Platform android-34, build-tools 34.0.0
    [32m•[39m Java binary at: C:\Program Files\Java\jdk-19\bin\java
    [32m•[39m Java version Java(TM) SE Runtime Environment (build 19.0.1+10-21)
    [32m•[39m All Android licenses accepted.

[32m[✓][39m Chrome - develop for the web
    [32m•[39m Chrome at C:\Program Files\Google\Chrome\Application\chrome.exe

[32m[✓][39m Visual Studio - develop for Windows (Visual Studio Community 2022 17.6.2)
    [32m•[39m Visual Studio at C:\Program Files\Microsoft Visual Studio\2022\Community
    [32m•[39m Visual Studio Community 2022 version 17.6.33723.286
    [32m•[39m Windows 10 SDK version 10.0.22000.0

[32m[✓][39m Android Studio (version 2022.1)
    [32m•[39m Android Studio at C:\Users\AISHWARYA\Applications\AndroidStudio
    [32m•[39m Flutter plugin can be installed from:
      🔨 https://plugins.jetbrains.com/plugin/9212-flutter
    [32m•[39m Dart plugin can be installed from:
      🔨 https://plugins.jetbrains.com/plugin/6351-dart
    [32m•[39m Java version OpenJDK Runtime Environment (build 17.0.6+0-b2043.56-9586694)

[32m[✓][39m Android Studio (version 2022.2)
    [32m•[39m Android Studio at C:\Users\AISHWARYA\Applications\Androidstudio
    [32m•[39m Flutter plugin can be installed from:
      🔨 https://plugins.jetbrains.com/plugin/9212-flutter
    [32m•[39m Dart plugin can be installed from:
      🔨 https://plugins.jetbrains.com/plugin/6351-dart
    [32m•[39m Java version OpenJDK Runtime Environment (build 17.0.6+0-b2043.56-9586694)

[32m[✓][39m Connected device (4 available)
    [32m•[39m sdk gphone64 x86 64 (mobile) • emulator-5554 • android-x64    • Android 13 (API 33) (emulator)
    [32m•[39m Windows (desktop)            • windows       • windows-x64    • Microsoft Windows [Version 10.0.22621.1848]
    [32m•[39m Chrome (web)                 • chrome        • web-javascript • Google Chrome 114.0.5735.134
    [32m•[39m Edge (web)                   • edge          • web-javascript • Microsoft Edge 114.0.1823.51

[32m[✓][39m Network resources
    [32m•[39m All expected network resources are available.

[32m•[39m No issues found!
```
